{"level":"info","time":"2026-04-28T11:32:54Z","message":"Thank you for trying Cloudflare Tunnel. Doing so, without a Cloudflare account, is a quick way to experiment and try it out. However, be aware that these account-less Tunnels have no uptime guarantee, are subject to the Cloudflare Online Services Terms of Use (https://www.cloudflare.com/website-terms/), and Cloudflare reserves the right to investigate your use of Tunnels for violations of such terms. If you intend to use Tunnels in production you should use a pre-created named tunnel by following: https://developers.cloudflare.com/cloudflare-one/connections/connect-apps"}
{"level":"info","time":"2026-04-28T11:32:54Z","message":"Requesting new quick Tunnel on trycloudflare.com..."}
{"level":"info","time":"2026-04-28T11:32:57Z","message":"+--------------------------------------------------------------------------------------------+"}
{"level":"info","time":"2026-04-28T11:32:57Z","message":"|  Your quick Tunnel has been created! Visit it at (it may take some time to be reachable):  |"}
{"level":"info","time":"2026-04-28T11:32:57Z","message":"|  https://cholesterol-cleanup-stayed-consortium.trycloudflare.com                           |"}
{"level":"info","time":"2026-04-28T11:32:57Z","message":"+--------------------------------------------------------------------------------------------+"}
{"level":"info","time":"2026-04-28T11:32:57Z","message":"Cannot determine default configuration path. No file [config.yml config.yaml] in [~/.cloudflared ~/.cloudflare-warp ~/cloudflare-warp]"}
{"level":"info","time":"2026-04-28T11:32:57Z","message":"Version 2025.8.1 (Checksum b5d598b00cc3a28cabc5812d9f762819334614bae452db4e7f23eefe7b081556)"}
{"level":"info","time":"2026-04-28T11:32:57Z","message":"GOOS: windows, GOVersion: go1.24.2, GoArch: amd64"}
{"level":"info","time":"2026-04-28T11:32:57Z","message":"Settings: map[ha-connections:1 logfile:C:/Users/Admin/TradingViewProject/cloudflared.log protocol:quic url:http://localhost:5000]"}
{"level":"info","time":"2026-04-28T11:32:57Z","message":"cloudflared will not automatically update on Windows systems."}
{"level":"info","time":"2026-04-28T11:32:57Z","message":"Generated Connector ID: 27e34b35-4d14-4809-af5a-337fa864a372"}
{"level":"info","time":"2026-04-28T11:32:57Z","message":"Initial protocol quic"}
{"level":"info","time":"2026-04-28T11:32:57Z","message":"ICMP proxy will use 192.168.2.20 as source for IPv4"}
{"level":"info","time":"2026-04-28T11:32:57Z","message":"ICMP proxy will use fe80::8f5a:e13b:846b:c53e in zone Wi-Fi as source for IPv6"}
{"level":"error","originCertPath":"","time":"2026-04-28T11:32:57Z","message":"Cannot determine default origin certificate path. No file cert.pem in [~/.cloudflared ~/.cloudflare-warp ~/cloudflare-warp]. You need to specify the origin certificate path by specifying the origincert option in the configuration file, or set TUNNEL_ORIGIN_CERT environment variable"}
{"level":"info","time":"2026-04-28T11:32:57Z","message":"cloudflared does not support loading the system root certificate pool on Windows. Please use --origin-ca-pool <PATH> to specify the path to the certificate pool"}
{"level":"info","time":"2026-04-28T11:32:57Z","message":"ICMP proxy will use 192.168.2.20 as source for IPv4"}
{"level":"info","event":0,"ip":"198.41.200.193","connIndex":0,"time":"2026-04-28T11:32:57Z","message":"Tunnel connection curve preferences: [X25519MLKEM768 CurveP256]"}
{"level":"info","time":"2026-04-28T11:32:57Z","message":"ICMP proxy will use fe80::8f5a:e13b:846b:c53e in zone Wi-Fi as source for IPv6"}
{"level":"info","time":"2026-04-28T11:32:57Z","message":"Starting metrics server on 127.0.0.1:20241/metrics"}
{"level":"info","event":0,"connection":"ebab13d5-c4ab-433f-94c1-4ae737099e47","connIndex":0,"location":"hkg10","ip":"198.41.200.193","protocol":"quic","time":"2026-04-28T11:32:58Z","message":"Registered tunnel connection"}
{"level":"error","error":"lookup region1.v2.argotunnel.com: i/o timeout","time":"2026-04-28T11:33:02Z","message":"Failed to initialize DNS local resolver"}
{"level":"error","error":"lookup region1.v2.argotunnel.com: i/o timeout","time":"2026-04-28T11:38:07Z","message":"Failed to refresh DNS local resolver"}
{"level":"error","error":"lookup region1.v2.argotunnel.com: i/o timeout","time":"2026-04-28T11:43:12Z","message":"Failed to refresh DNS local resolver"}
{"level":"error","error":"lookup region1.v2.argotunnel.com: i/o timeout","time":"2026-04-28T11:48:17Z","message":"Failed to refresh DNS local resolver"}
{"level":"error","error":"lookup region1.v2.argotunnel.com: i/o timeout","time":"2026-04-28T11:53:22Z","message":"Failed to refresh DNS local resolver"}
